
ROM used: 1694 (21%)
          1694 (21%) including unused fragments

          1 Average locations per line
          5 Average locations per statement

RAM used: 57 (15%) at main() level
          73 (20%) worst case

Stack used: 5 worst case (out of 8 total available)

Lines Stmts  %   Files
----- ----- ---  -----
   69    24   7  Prueba_sensores.c
  244     0   0  ..\..\..\..\..\Archivos de programa\PICC\devices\16F876.h
  180    63  17  LCD1.c
  146    40  11  kbd1.c
  762   238  65  ..\..\..\..\..\Archivos de programa\PICC\drivers\math.h
----- -----
 1401   365 Total

Page ROM  %  RAM   Vol Diff  Functions:
---- --- --- ---   --- ----  ----------
0     13   1   1             @delay_ms1
0      8   0   0             @const53
 Inline        3   463  4.3  lcd_read_byte
0     11   1   1   134  2.2  lcd_send_nibble
0     57   3   3   317  4.3  lcd_send_byte
0     44   3   2   422  4.7  lcd_init
0     18   1   4   186  5.5  lcd_gotoxy
0     39   2   1   272  4.1  lcd_putc
0      3   0   0     3  0.0  kbd_init
0     31   2   2             @ITOF
0    204  12  14             @DIVFF
0    321  19  16             @ADDFF
0    117   7  13             @MULFF
0    484  29  47  1116  5.1  MAIN
0     17   1   0             @const254
0     20   1   0             @const256
0     33   2   5             @FTOSD
0     66   4  13             @DIV3232
0    204  12  13             @PRINTF_L32D_73FPFPF

Program metrics:
    Functions               8
    Statements              365
    Comments                343
    Volume (V)              4289
    Difficilty (D)          30.1
    Effort to implement (E) 129205
    Time to implement (T)   2 hours, 0 minutes
    Est Delivered Bugs (B)  1
    Cyclomatic Complexity   7
    Maintainability (MI)    43

 Segment     Used  Free
-----------  ----  ----
00000-00003     4  0  
00004-007FF  1690  354  
00800-00FFF     0  2048  
01000-017FF     0  2048  
01800-01FFF     0  2048  



THE FOLLOWING IS TEMPORARY FOR DIAGNOSTIC USE ONLY:

    n1    n2    N1    N2   v(G)
     0     1     0     0     0    @delay_ms1
     0     1     0     0     0    @const53
     9    41    43    39     0    lcd_read_byte
     5    17    15    15     0    lcd_send_nibble
     9    30    31    29     0    lcd_send_byte
    10    37    41    35     2    lcd_init
    11    19    19    19     1    lcd_gotoxy
     9    22    35    20     4    lcd_putc
     2     1     2     0     0    kbd_init
     0     1     0     0     0    @ITOF
     0     1     0     0     0    @DIVFF
     0     1     0     0     0    @ADDFF
     0     1     0     0     0    @MULFF
    10    82    87    84     0    MAIN
     0     1     0     0     0    @const254
     0     1     0     0     0    @const256
     0     1     0     0     0    @FTOSD
     0     1     0     0     0    @DIV3232
     0     1     0     0     0    @PRINTF_L32D_73FPFPF
